{"/home/loquendo/shopbridge/src/App.js": {"path":"/home/loquendo/shopbridge/src/App.js","statementMap":{"0":{"start":{"line":7,"column":3},"end":{"line":18,"column":5}}},"fnMap":{"0":{"name":"App","decl":{"start":{"line":6,"column":9},"end":{"line":6,"column":12}},"loc":{"start":{"line":6,"column":15},"end":{"line":19,"column":1}},"line":6}},"branchMap":{},"s":{"0":1},"f":{"0":1},"b":{},"_coverageSchema":"1a1c01bbd47fc00a2c39e90264f33305004495a9","hash":"baf64e4b4a64972e7275084a15f1b8f10b2c0e1e"}
,"/home/loquendo/shopbridge/src/hookQuery.js": {"path":"/home/loquendo/shopbridge/src/hookQuery.js","statementMap":{"0":{"start":{"line":8,"column":22},"end":{"line":22,"column":1}},"1":{"start":{"line":9,"column":33},"end":{"line":9,"column":48}},"2":{"start":{"line":11,"column":3},"end":{"line":19,"column":24}},"3":{"start":{"line":12,"column":20},"end":{"line":12,"column":44}},"4":{"start":{"line":13,"column":6},"end":{"line":15,"column":7}},"5":{"start":{"line":14,"column":9},"end":{"line":14,"column":35}},"6":{"start":{"line":16,"column":23},"end":{"line":16,"column":54}},"7":{"start":{"line":16,"column":29},"end":{"line":16,"column":54}},"8":{"start":{"line":17,"column":6},"end":{"line":17,"column":50}},"9":{"start":{"line":18,"column":6},"end":{"line":18,"column":66}},"10":{"start":{"line":18,"column":19},"end":{"line":18,"column":65}},"11":{"start":{"line":21,"column":3},"end":{"line":21,"column":18}}},"fnMap":{"0":{"name":"(anonymous_0)","decl":{"start":{"line":8,"column":22},"end":{"line":8,"column":23}},"loc":{"start":{"line":8,"column":33},"end":{"line":22,"column":1}},"line":8},"1":{"name":"(anonymous_1)","decl":{"start":{"line":11,"column":13},"end":{"line":11,"column":14}},"loc":{"start":{"line":11,"column":19},"end":{"line":19,"column":4}},"line":11},"2":{"name":"(anonymous_2)","decl":{"start":{"line":16,"column":23},"end":{"line":16,"column":24}},"loc":{"start":{"line":16,"column":29},"end":{"line":16,"column":54}},"line":16},"3":{"name":"(anonymous_3)","decl":{"start":{"line":18,"column":13},"end":{"line":18,"column":14}},"loc":{"start":{"line":18,"column":19},"end":{"line":18,"column":65}},"line":18}},"branchMap":{"0":{"loc":{"start":{"line":13,"column":6},"end":{"line":15,"column":7}},"type":"if","locations":[{"start":{"line":13,"column":6},"end":{"line":15,"column":7}},{"start":{"line":13,"column":6},"end":{"line":15,"column":7}}],"line":13}},"s":{"0":2,"1":4,"2":4,"3":2,"4":2,"5":1,"6":2,"7":0,"8":2,"9":2,"10":2,"11":4},"f":{"0":4,"1":2,"2":0,"3":2},"b":{"0":[1,1]},"_coverageSchema":"1a1c01bbd47fc00a2c39e90264f33305004495a9","hash":"8343bf9571ea1c692f5bcda46e560c661d75f4c0"}
,"/home/loquendo/shopbridge/src/index.js": {"path":"/home/loquendo/shopbridge/src/index.js","statementMap":{"0":{"start":{"line":7,"column":0},"end":{"line":12,"column":2}},"1":{"start":{"line":17,"column":0},"end":{"line":17,"column":18}}},"fnMap":{},"branchMap":{},"s":{"0":0,"1":0},"f":{},"b":{}}
,"/home/loquendo/shopbridge/src/reportWebVitals.js": {"path":"/home/loquendo/shopbridge/src/reportWebVitals.js","statementMap":{"0":{"start":{"line":1,"column":24},"end":{"line":13,"column":1}},"1":{"start":{"line":2,"column":3},"end":{"line":12,"column":4}},"2":{"start":{"line":3,"column":6},"end":{"line":11,"column":8}},"3":{"start":{"line":5,"column":12},"end":{"line":5,"column":32}},"4":{"start":{"line":6,"column":12},"end":{"line":6,"column":32}},"5":{"start":{"line":7,"column":12},"end":{"line":7,"column":32}},"6":{"start":{"line":8,"column":12},"end":{"line":8,"column":32}},"7":{"start":{"line":9,"column":12},"end":{"line":9,"column":33}}},"fnMap":{"0":{"name":"(anonymous_0)","decl":{"start":{"line":1,"column":24},"end":{"line":1,"column":25}},"loc":{"start":{"line":1,"column":41},"end":{"line":13,"column":1}},"line":1},"1":{"name":"(anonymous_1)","decl":{"start":{"line":4,"column":9},"end":{"line":4,"column":10}},"loc":{"start":{"line":4,"column":58},"end":{"line":10,"column":10}},"line":4}},"branchMap":{"0":{"loc":{"start":{"line":2,"column":3},"end":{"line":12,"column":4}},"type":"if","locations":[{"start":{"line":2,"column":3},"end":{"line":12,"column":4}},{"start":{"line":2,"column":3},"end":{"line":12,"column":4}}],"line":2},"1":{"loc":{"start":{"line":2,"column":7},"end":{"line":2,"column":53}},"type":"binary-expr","locations":[{"start":{"line":2,"column":7},"end":{"line":2,"column":18}},{"start":{"line":2,"column":22},"end":{"line":2,"column":53}}],"line":2}},"s":{"0":0,"1":0,"2":0,"3":0,"4":0,"5":0,"6":0,"7":0},"f":{"0":0,"1":0},"b":{"0":[0,0],"1":[0,0]}}
,"/home/loquendo/shopbridge/src/api/firebase.js": {"path":"/home/loquendo/shopbridge/src/api/firebase.js","statementMap":{"0":{"start":{"line":9,"column":21},"end":{"line":17,"column":1}},"1":{"start":{"line":20,"column":0},"end":{"line":22,"column":1}},"2":{"start":{"line":21,"column":3},"end":{"line":21,"column":42}},"3":{"start":{"line":25,"column":3},"end":{"line":25,"column":66}},"4":{"start":{"line":28,"column":18},"end":{"line":34,"column":4}},"5":{"start":{"line":35,"column":3},"end":{"line":35,"column":17}},"6":{"start":{"line":39,"column":3},"end":{"line":52,"column":4}},"7":{"start":{"line":40,"column":20},"end":{"line":40,"column":38}},"8":{"start":{"line":41,"column":25},"end":{"line":41,"column":44}},"9":{"start":{"line":42,"column":22},"end":{"line":44,"column":7}},"10":{"start":{"line":46,"column":33},"end":{"line":46,"column":57}},"11":{"start":{"line":47,"column":23},"end":{"line":47,"column":68}},"12":{"start":{"line":48,"column":6},"end":{"line":48,"column":22}},"13":{"start":{"line":50,"column":6},"end":{"line":50,"column":31}},"14":{"start":{"line":51,"column":6},"end":{"line":51,"column":18}},"15":{"start":{"line":56,"column":3},"end":{"line":62,"column":4}},"16":{"start":{"line":57,"column":6},"end":{"line":57,"column":69}},"17":{"start":{"line":58,"column":6},"end":{"line":58,"column":18}},"18":{"start":{"line":60,"column":6},"end":{"line":60,"column":57}},"19":{"start":{"line":61,"column":6},"end":{"line":61,"column":19}},"20":{"start":{"line":66,"column":3},"end":{"line":72,"column":4}},"21":{"start":{"line":67,"column":6},"end":{"line":67,"column":65}},"22":{"start":{"line":68,"column":6},"end":{"line":68,"column":18}},"23":{"start":{"line":70,"column":6},"end":{"line":70,"column":31}},"24":{"start":{"line":71,"column":6},"end":{"line":71,"column":19}}},"fnMap":{"0":{"name":"saveProduct","decl":{"start":{"line":27,"column":22},"end":{"line":27,"column":33}},"loc":{"start":{"line":27,"column":40},"end":{"line":36,"column":1}},"line":27},"1":{"name":"uploadImage","decl":{"start":{"line":38,"column":22},"end":{"line":38,"column":33}},"loc":{"start":{"line":38,"column":41},"end":{"line":53,"column":1}},"line":38},"2":{"name":"updateItem","decl":{"start":{"line":55,"column":22},"end":{"line":55,"column":32}},"loc":{"start":{"line":55,"column":44},"end":{"line":63,"column":1}},"line":55},"3":{"name":"deleteItem","decl":{"start":{"line":65,"column":22},"end":{"line":65,"column":32}},"loc":{"start":{"line":65,"column":38},"end":{"line":73,"column":1}},"line":65}},"branchMap":{"0":{"loc":{"start":{"line":20,"column":0},"end":{"line":22,"column":1}},"type":"if","locations":[{"start":{"line":20,"column":0},"end":{"line":22,"column":1}},{"start":{"line":20,"column":0},"end":{"line":22,"column":1}}],"line":20}},"s":{"0":7,"1":7,"2":7,"3":7,"4":1,"5":1,"6":1,"7":1,"8":1,"9":1,"10":1,"11":0,"12":0,"13":1,"14":1,"15":2,"16":2,"17":1,"18":1,"19":1,"20":2,"21":2,"22":1,"23":1,"24":1},"f":{"0":1,"1":1,"2":2,"3":2},"b":{"0":[7,0]},"_coverageSchema":"1a1c01bbd47fc00a2c39e90264f33305004495a9","hash":"635161b1642d3c4fdbbd1a7c08f5aa8f102a5dbb"}
,"/home/loquendo/shopbridge/src/components/Dashboard.js": {"path":"/home/loquendo/shopbridge/src/components/Dashboard.js","statementMap":{"0":{"start":{"line":8,"column":18},"end":{"line":24,"column":1}},"1":{"start":{"line":9,"column":3},"end":{"line":23,"column":5}}},"fnMap":{"0":{"name":"(anonymous_0)","decl":{"start":{"line":8,"column":18},"end":{"line":8,"column":19}},"loc":{"start":{"line":8,"column":24},"end":{"line":24,"column":1}},"line":8}},"branchMap":{},"s":{"0":2,"1":1},"f":{"0":1},"b":{},"_coverageSchema":"1a1c01bbd47fc00a2c39e90264f33305004495a9","hash":"f2c7b7b9eedc4533942a1011a59d853971c7dfcc"}
,"/home/loquendo/shopbridge/src/components/Header.js": {"path":"/home/loquendo/shopbridge/src/components/Header.js","statementMap":{"0":{"start":{"line":8,"column":15},"end":{"line":19,"column":1}},"1":{"start":{"line":9,"column":3},"end":{"line":18,"column":5}}},"fnMap":{"0":{"name":"(anonymous_0)","decl":{"start":{"line":8,"column":15},"end":{"line":8,"column":16}},"loc":{"start":{"line":8,"column":21},"end":{"line":19,"column":1}},"line":8}},"branchMap":{},"s":{"0":2,"1":2},"f":{"0":2},"b":{},"_coverageSchema":"1a1c01bbd47fc00a2c39e90264f33305004495a9","hash":"7644e0fdf1d614d2e6947effc6adbb28709cb05d"}
,"/home/loquendo/shopbridge/src/components/Item.js": {"path":"/home/loquendo/shopbridge/src/components/Item.js","statementMap":{"0":{"start":{"line":11,"column":13},"end":{"line":30,"column":1}},"1":{"start":{"line":12,"column":3},"end":{"line":29,"column":5}},"2":{"start":{"line":19,"column":21},"end":{"line":19,"column":45}},"3":{"start":{"line":20,"column":21},"end":{"line":20,"column":50}},"4":{"start":{"line":21,"column":21},"end":{"line":21,"column":47}}},"fnMap":{"0":{"name":"(anonymous_0)","decl":{"start":{"line":11,"column":13},"end":{"line":11,"column":14}},"loc":{"start":{"line":11,"column":27},"end":{"line":30,"column":1}},"line":11},"1":{"name":"(anonymous_1)","decl":{"start":{"line":18,"column":27},"end":{"line":18,"column":28}},"loc":{"start":{"line":18,"column":34},"end":{"line":22,"column":19}},"line":18}},"branchMap":{"0":{"loc":{"start":{"line":23,"column":23},"end":{"line":23,"column":62}},"type":"cond-expr","locations":[{"start":{"line":23,"column":36},"end":{"line":23,"column":46}},{"start":{"line":23,"column":49},"end":{"line":23,"column":62}}],"line":23}},"s":{"0":3,"1":4,"2":2,"3":2,"4":2},"f":{"0":4,"1":2},"b":{"0":[3,1]},"_coverageSchema":"1a1c01bbd47fc00a2c39e90264f33305004495a9","hash":"ec8de930e14fe18f92d9702ada691f41a72f9ecd"}
,"/home/loquendo/shopbridge/src/components/Loading.js": {"path":"/home/loquendo/shopbridge/src/components/Loading.js","statementMap":{"0":{"start":{"line":5,"column":16},"end":{"line":16,"column":1}},"1":{"start":{"line":6,"column":3},"end":{"line":15,"column":5}}},"fnMap":{"0":{"name":"(anonymous_0)","decl":{"start":{"line":5,"column":16},"end":{"line":5,"column":17}},"loc":{"start":{"line":5,"column":22},"end":{"line":16,"column":1}},"line":5}},"branchMap":{},"s":{"0":4,"1":10},"f":{"0":10},"b":{},"_coverageSchema":"1a1c01bbd47fc00a2c39e90264f33305004495a9","hash":"08e265a186e5012c34f5ec3b8ed2e81aac2f2d63"}
,"/home/loquendo/shopbridge/src/components/Modal.js": {"path":"/home/loquendo/shopbridge/src/components/Modal.js","statementMap":{"0":{"start":{"line":11,"column":14},"end":{"line":34,"column":1}},"1":{"start":{"line":12,"column":29},"end":{"line":14,"column":4}},"2":{"start":{"line":13,"column":6},"end":{"line":13,"column":32}},"3":{"start":{"line":16,"column":3},"end":{"line":18,"column":4}},"4":{"start":{"line":17,"column":6},"end":{"line":17,"column":16}},"5":{"start":{"line":20,"column":3},"end":{"line":33,"column":5}}},"fnMap":{"0":{"name":"(anonymous_0)","decl":{"start":{"line":11,"column":14},"end":{"line":11,"column":15}},"loc":{"start":{"line":11,"column":25},"end":{"line":34,"column":1}},"line":11},"1":{"name":"(anonymous_1)","decl":{"start":{"line":12,"column":29},"end":{"line":12,"column":30}},"loc":{"start":{"line":12,"column":35},"end":{"line":14,"column":4}},"line":12}},"branchMap":{"0":{"loc":{"start":{"line":16,"column":3},"end":{"line":18,"column":4}},"type":"if","locations":[{"start":{"line":16,"column":3},"end":{"line":18,"column":4}},{"start":{"line":16,"column":3},"end":{"line":18,"column":4}}],"line":16}},"s":{"0":3,"1":5,"2":1,"3":5,"4":4,"5":1},"f":{"0":5,"1":1},"b":{"0":[4,1]},"_coverageSchema":"1a1c01bbd47fc00a2c39e90264f33305004495a9","hash":"f67003172d29507a4f31ed432c0efe59e6c56d32"}
,"/home/loquendo/shopbridge/src/components/ProductForm.js": {"path":"/home/loquendo/shopbridge/src/components/ProductForm.js","statementMap":{"0":{"start":{"line":22,"column":20},"end":{"line":237,"column":1}},"1":{"start":{"line":23,"column":27},"end":{"line":23,"column":65}},"2":{"start":{"line":24,"column":29},"end":{"line":24,"column":67}},"3":{"start":{"line":25,"column":41},"end":{"line":27,"column":4}},"4":{"start":{"line":28,"column":29},"end":{"line":28,"column":70}},"5":{"start":{"line":29,"column":33},"end":{"line":29,"column":48}},"6":{"start":{"line":30,"column":26},"end":{"line":30,"column":43}},"7":{"start":{"line":31,"column":24},"end":{"line":31,"column":32}},"8":{"start":{"line":33,"column":29},"end":{"line":41,"column":4}},"9":{"start":{"line":34,"column":6},"end":{"line":40,"column":7}},"10":{"start":{"line":39,"column":9},"end":{"line":39,"column":44}},"11":{"start":{"line":43,"column":30},"end":{"line":45,"column":4}},"12":{"start":{"line":44,"column":6},"end":{"line":44,"column":54}},"13":{"start":{"line":47,"column":29},"end":{"line":55,"column":4}},"14":{"start":{"line":48,"column":6},"end":{"line":54,"column":7}},"15":{"start":{"line":53,"column":9},"end":{"line":53,"column":51}},"16":{"start":{"line":57,"column":29},"end":{"line":60,"column":4}},"17":{"start":{"line":58,"column":18},"end":{"line":58,"column":39}},"18":{"start":{"line":59,"column":6},"end":{"line":59,"column":22}},"19":{"start":{"line":62,"column":29},"end":{"line":65,"column":4}},"20":{"start":{"line":63,"column":6},"end":{"line":63,"column":40}},"21":{"start":{"line":64,"column":6},"end":{"line":64,"column":21}},"22":{"start":{"line":67,"column":26},"end":{"line":75,"column":4}},"23":{"start":{"line":68,"column":19},"end":{"line":73,"column":7}},"24":{"start":{"line":74,"column":6},"end":{"line":74,"column":18}},"25":{"start":{"line":77,"column":22},"end":{"line":82,"column":4}},"26":{"start":{"line":78,"column":6},"end":{"line":78,"column":18}},"27":{"start":{"line":79,"column":6},"end":{"line":79,"column":18}},"28":{"start":{"line":80,"column":6},"end":{"line":80,"column":25}},"29":{"start":{"line":81,"column":6},"end":{"line":81,"column":21}},"30":{"start":{"line":84,"column":31},"end":{"line":113,"column":4}},"31":{"start":{"line":85,"column":6},"end":{"line":85,"column":29}},"32":{"start":{"line":86,"column":6},"end":{"line":86,"column":23}},"33":{"start":{"line":87,"column":6},"end":{"line":111,"column":7}},"34":{"start":{"line":88,"column":24},"end":{"line":88,"column":28}},"35":{"start":{"line":90,"column":9},"end":{"line":95,"column":10}},"36":{"start":{"line":91,"column":12},"end":{"line":91,"column":48}},"37":{"start":{"line":92,"column":12},"end":{"line":94,"column":13}},"38":{"start":{"line":93,"column":15},"end":{"line":93,"column":66}},"39":{"start":{"line":97,"column":22},"end":{"line":97,"column":46}},"40":{"start":{"line":98,"column":26},"end":{"line":98,"column":49}},"41":{"start":{"line":100,"column":9},"end":{"line":104,"column":10}},"42":{"start":{"line":101,"column":12},"end":{"line":103,"column":14}},"43":{"start":{"line":105,"column":9},"end":{"line":105,"column":28}},"44":{"start":{"line":106,"column":9},"end":{"line":106,"column":54}},"45":{"start":{"line":107,"column":9},"end":{"line":107,"column":22}},"46":{"start":{"line":109,"column":9},"end":{"line":109,"column":34}},"47":{"start":{"line":110,"column":9},"end":{"line":110,"column":72}},"48":{"start":{"line":112,"column":6},"end":{"line":112,"column":24}},"49":{"start":{"line":115,"column":28},"end":{"line":144,"column":4}},"50":{"start":{"line":116,"column":6},"end":{"line":116,"column":29}},"51":{"start":{"line":117,"column":6},"end":{"line":117,"column":23}},"52":{"start":{"line":118,"column":6},"end":{"line":143,"column":7}},"53":{"start":{"line":119,"column":24},"end":{"line":119,"column":28}},"54":{"start":{"line":120,"column":9},"end":{"line":127,"column":10}},"55":{"start":{"line":121,"column":12},"end":{"line":126,"column":13}},"56":{"start":{"line":122,"column":15},"end":{"line":122,"column":51}},"57":{"start":{"line":123,"column":15},"end":{"line":125,"column":16}},"58":{"start":{"line":124,"column":18},"end":{"line":124,"column":69}},"59":{"start":{"line":129,"column":22},"end":{"line":129,"column":46}},"60":{"start":{"line":130,"column":24},"end":{"line":130,"column":58}},"61":{"start":{"line":131,"column":9},"end":{"line":138,"column":10}},"62":{"start":{"line":132,"column":12},"end":{"line":132,"column":56}},"63":{"start":{"line":134,"column":12},"end":{"line":134,"column":25}},"64":{"start":{"line":135,"column":12},"end":{"line":135,"column":30}},"65":{"start":{"line":136,"column":12},"end":{"line":136,"column":41}},"66":{"start":{"line":137,"column":12},"end":{"line":137,"column":26}},"67":{"start":{"line":140,"column":9},"end":{"line":140,"column":34}},"68":{"start":{"line":141,"column":9},"end":{"line":141,"column":27}},"69":{"start":{"line":142,"column":9},"end":{"line":142,"column":72}},"70":{"start":{"line":146,"column":3},"end":{"line":236,"column":5}}},"fnMap":{"0":{"name":"(anonymous_0)","decl":{"start":{"line":22,"column":20},"end":{"line":22,"column":21}},"loc":{"start":{"line":22,"column":55},"end":{"line":237,"column":1}},"line":22},"1":{"name":"(anonymous_1)","decl":{"start":{"line":33,"column":29},"end":{"line":33,"column":30}},"loc":{"start":{"line":33,"column":40},"end":{"line":41,"column":4}},"line":33},"2":{"name":"(anonymous_2)","decl":{"start":{"line":43,"column":30},"end":{"line":43,"column":31}},"loc":{"start":{"line":43,"column":41},"end":{"line":45,"column":4}},"line":43},"3":{"name":"(anonymous_3)","decl":{"start":{"line":47,"column":29},"end":{"line":47,"column":30}},"loc":{"start":{"line":47,"column":40},"end":{"line":55,"column":4}},"line":47},"4":{"name":"(anonymous_4)","decl":{"start":{"line":57,"column":29},"end":{"line":57,"column":30}},"loc":{"start":{"line":57,"column":40},"end":{"line":60,"column":4}},"line":57},"5":{"name":"(anonymous_5)","decl":{"start":{"line":62,"column":29},"end":{"line":62,"column":30}},"loc":{"start":{"line":62,"column":35},"end":{"line":65,"column":4}},"line":62},"6":{"name":"(anonymous_6)","decl":{"start":{"line":67,"column":26},"end":{"line":67,"column":27}},"loc":{"start":{"line":67,"column":40},"end":{"line":75,"column":4}},"line":67},"7":{"name":"(anonymous_7)","decl":{"start":{"line":77,"column":22},"end":{"line":77,"column":23}},"loc":{"start":{"line":77,"column":28},"end":{"line":82,"column":4}},"line":77},"8":{"name":"(anonymous_8)","decl":{"start":{"line":84,"column":31},"end":{"line":84,"column":32}},"loc":{"start":{"line":84,"column":48},"end":{"line":113,"column":4}},"line":84},"9":{"name":"(anonymous_9)","decl":{"start":{"line":115,"column":28},"end":{"line":115,"column":29}},"loc":{"start":{"line":115,"column":45},"end":{"line":144,"column":4}},"line":115}},"branchMap":{"0":{"loc":{"start":{"line":23,"column":36},"end":{"line":23,"column":64}},"type":"cond-expr","locations":[{"start":{"line":23,"column":47},"end":{"line":23,"column":59}},{"start":{"line":23,"column":62},"end":{"line":23,"column":64}}],"line":23},"1":{"loc":{"start":{"line":24,"column":38},"end":{"line":24,"column":66}},"type":"cond-expr","locations":[{"start":{"line":24,"column":49},"end":{"line":24,"column":62}},{"start":{"line":24,"column":65},"end":{"line":24,"column":66}}],"line":24},"2":{"loc":{"start":{"line":26,"column":6},"end":{"line":26,"column":41}},"type":"cond-expr","locations":[{"start":{"line":26,"column":17},"end":{"line":26,"column":36}},{"start":{"line":26,"column":39},"end":{"line":26,"column":41}}],"line":26},"3":{"loc":{"start":{"line":28,"column":38},"end":{"line":28,"column":69}},"type":"cond-expr","locations":[{"start":{"line":28,"column":49},"end":{"line":28,"column":62}},{"start":{"line":28,"column":65},"end":{"line":28,"column":69}}],"line":28},"4":{"loc":{"start":{"line":34,"column":6},"end":{"line":40,"column":7}},"type":"if","locations":[{"start":{"line":34,"column":6},"end":{"line":40,"column":7}},{"start":{"line":34,"column":6},"end":{"line":40,"column":7}}],"line":34},"5":{"loc":{"start":{"line":48,"column":6},"end":{"line":54,"column":7}},"type":"if","locations":[{"start":{"line":48,"column":6},"end":{"line":54,"column":7}},{"start":{"line":48,"column":6},"end":{"line":54,"column":7}}],"line":48},"6":{"loc":{"start":{"line":72,"column":16},"end":{"line":72,"column":43}},"type":"cond-expr","locations":[{"start":{"line":72,"column":27},"end":{"line":72,"column":35}},{"start":{"line":72,"column":38},"end":{"line":72,"column":43}}],"line":72},"7":{"loc":{"start":{"line":90,"column":9},"end":{"line":95,"column":10}},"type":"if","locations":[{"start":{"line":90,"column":9},"end":{"line":95,"column":10}},{"start":{"line":90,"column":9},"end":{"line":95,"column":10}}],"line":90},"8":{"loc":{"start":{"line":92,"column":12},"end":{"line":94,"column":13}},"type":"if","locations":[{"start":{"line":92,"column":12},"end":{"line":94,"column":13}},{"start":{"line":92,"column":12},"end":{"line":94,"column":13}}],"line":92},"9":{"loc":{"start":{"line":100,"column":9},"end":{"line":104,"column":10}},"type":"if","locations":[{"start":{"line":100,"column":9},"end":{"line":104,"column":10}},{"start":{"line":100,"column":9},"end":{"line":104,"column":10}}],"line":100},"10":{"loc":{"start":{"line":120,"column":9},"end":{"line":127,"column":10}},"type":"if","locations":[{"start":{"line":120,"column":9},"end":{"line":127,"column":10}},{"start":{"line":120,"column":9},"end":{"line":127,"column":10}}],"line":120},"11":{"loc":{"start":{"line":121,"column":12},"end":{"line":126,"column":13}},"type":"if","locations":[{"start":{"line":121,"column":12},"end":{"line":126,"column":13}},{"start":{"line":121,"column":12},"end":{"line":126,"column":13}}],"line":121},"12":{"loc":{"start":{"line":123,"column":15},"end":{"line":125,"column":16}},"type":"if","locations":[{"start":{"line":123,"column":15},"end":{"line":125,"column":16}},{"start":{"line":123,"column":15},"end":{"line":125,"column":16}}],"line":123},"13":{"loc":{"start":{"line":131,"column":9},"end":{"line":138,"column":10}},"type":"if","locations":[{"start":{"line":131,"column":9},"end":{"line":138,"column":10}},{"start":{"line":131,"column":9},"end":{"line":138,"column":10}}],"line":131},"14":{"loc":{"start":{"line":148,"column":14},"end":{"line":148,"column":63}},"type":"cond-expr","locations":[{"start":{"line":148,"column":25},"end":{"line":148,"column":42}},{"start":{"line":148,"column":45},"end":{"line":148,"column":63}}],"line":148},"15":{"loc":{"start":{"line":149,"column":25},"end":{"line":149,"column":74}},"type":"cond-expr","locations":[{"start":{"line":149,"column":36},"end":{"line":149,"column":52}},{"start":{"line":149,"column":55},"end":{"line":149,"column":74}}],"line":149},"16":{"loc":{"start":{"line":186,"column":18},"end":{"line":186,"column":44}},"type":"binary-expr","locations":[{"start":{"line":186,"column":18},"end":{"line":186,"column":25}},{"start":{"line":186,"column":29},"end":{"line":186,"column":44}}],"line":186},"17":{"loc":{"start":{"line":204,"column":16},"end":{"line":224,"column":16}},"type":"binary-expr","locations":[{"start":{"line":204,"column":16},"end":{"line":204,"column":21}},{"start":{"line":205,"column":18},"end":{"line":223,"column":24}}],"line":204},"18":{"loc":{"start":{"line":216,"column":27},"end":{"line":220,"column":58}},"type":"cond-expr","locations":[{"start":{"line":217,"column":32},"end":{"line":219,"column":40}},{"start":{"line":220,"column":32},"end":{"line":220,"column":58}}],"line":216},"19":{"loc":{"start":{"line":217,"column":32},"end":{"line":219,"column":40}},"type":"cond-expr","locations":[{"start":{"line":218,"column":35},"end":{"line":218,"column":61}},{"start":{"line":219,"column":35},"end":{"line":219,"column":40}}],"line":217},"20":{"loc":{"start":{"line":227,"column":13},"end":{"line":233,"column":13}},"type":"cond-expr","locations":[{"start":{"line":228,"column":15},"end":{"line":228,"column":26}},{"start":{"line":230,"column":15},"end":{"line":232,"column":24}}],"line":227},"21":{"loc":{"start":{"line":231,"column":19},"end":{"line":231,"column":54}},"type":"cond-expr","locations":[{"start":{"line":231,"column":30},"end":{"line":231,"column":38}},{"start":{"line":231,"column":41},"end":{"line":231,"column":54}}],"line":231}},"s":{"0":4,"1":32,"2":32,"3":32,"4":32,"5":32,"6":32,"7":32,"8":32,"9":2,"10":2,"11":32,"12":2,"13":32,"14":2,"15":2,"16":32,"17":4,"18":4,"19":32,"20":1,"21":1,"22":32,"23":4,"24":4,"25":32,"26":1,"27":1,"28":1,"29":1,"30":32,"31":3,"32":3,"33":3,"34":3,"35":3,"36":3,"37":3,"38":1,"39":2,"40":2,"41":2,"42":1,"43":1,"44":1,"45":1,"46":2,"47":2,"48":3,"49":32,"50":3,"51":3,"52":3,"53":3,"54":3,"55":3,"56":3,"57":3,"58":1,"59":2,"60":2,"61":2,"62":1,"63":1,"64":1,"65":1,"66":1,"67":2,"68":2,"69":2,"70":32},"f":{"0":32,"1":2,"2":2,"3":2,"4":4,"5":1,"6":4,"7":1,"8":3,"9":3},"b":{"0":[9,23],"1":[9,23],"2":[9,23],"3":[9,23],"4":[2,0],"5":[2,0],"6":[4,0],"7":[3,0],"8":[1,2],"9":[1,1],"10":[3,0],"11":[3,0],"12":[1,2],"13":[1,1],"14":[9,23],"15":[9,23],"16":[32,10],"17":[32,20],"18":[9,11],"19":[7,2],"20":[10,22],"21":[6,16]},"_coverageSchema":"1a1c01bbd47fc00a2c39e90264f33305004495a9","hash":"cf20724b0fd775599a07492749f7f84b359713df"}
,"/home/loquendo/shopbridge/src/components/ProductList.js": {"path":"/home/loquendo/shopbridge/src/components/ProductList.js","statementMap":{"0":{"start":{"line":20,"column":20},"end":{"line":107,"column":1}},"1":{"start":{"line":21,"column":37},"end":{"line":21,"column":52}},"2":{"start":{"line":22,"column":45},"end":{"line":22,"column":59}},"3":{"start":{"line":23,"column":33},"end":{"line":23,"column":50}},"4":{"start":{"line":25,"column":28},"end":{"line":40,"column":4}},"5":{"start":{"line":26,"column":22},"end":{"line":28,"column":7}},"6":{"start":{"line":29,"column":6},"end":{"line":39,"column":7}},"7":{"start":{"line":30,"column":9},"end":{"line":38,"column":10}},"8":{"start":{"line":31,"column":27},"end":{"line":31,"column":52}},"9":{"start":{"line":32,"column":12},"end":{"line":32,"column":69}},"10":{"start":{"line":32,"column":25},"end":{"line":32,"column":69}},"11":{"start":{"line":33,"column":12},"end":{"line":33,"column":25}},"12":{"start":{"line":34,"column":12},"end":{"line":34,"column":52}},"13":{"start":{"line":36,"column":12},"end":{"line":36,"column":37}},"14":{"start":{"line":37,"column":12},"end":{"line":37,"column":66}},"15":{"start":{"line":42,"column":31},"end":{"line":45,"column":4}},"16":{"start":{"line":43,"column":6},"end":{"line":43,"column":29}},"17":{"start":{"line":44,"column":6},"end":{"line":44,"column":25}},"18":{"start":{"line":47,"column":3},"end":{"line":49,"column":4}},"19":{"start":{"line":48,"column":6},"end":{"line":48,"column":46}},"20":{"start":{"line":51,"column":3},"end":{"line":106,"column":5}},"21":{"start":{"line":67,"column":18},"end":{"line":94,"column":35}},"22":{"start":{"line":85,"column":45},"end":{"line":85,"column":70}},"23":{"start":{"line":89,"column":45},"end":{"line":89,"column":67}}},"fnMap":{"0":{"name":"(anonymous_0)","decl":{"start":{"line":20,"column":20},"end":{"line":20,"column":21}},"loc":{"start":{"line":20,"column":26},"end":{"line":107,"column":1}},"line":20},"1":{"name":"(anonymous_1)","decl":{"start":{"line":25,"column":28},"end":{"line":25,"column":29}},"loc":{"start":{"line":25,"column":44},"end":{"line":40,"column":4}},"line":25},"2":{"name":"(anonymous_2)","decl":{"start":{"line":42,"column":31},"end":{"line":42,"column":32}},"loc":{"start":{"line":42,"column":41},"end":{"line":45,"column":4}},"line":42},"3":{"name":"(anonymous_3)","decl":{"start":{"line":66,"column":26},"end":{"line":66,"column":27}},"loc":{"start":{"line":67,"column":18},"end":{"line":94,"column":35}},"line":67},"4":{"name":"(anonymous_4)","decl":{"start":{"line":85,"column":39},"end":{"line":85,"column":40}},"loc":{"start":{"line":85,"column":45},"end":{"line":85,"column":70}},"line":85},"5":{"name":"(anonymous_5)","decl":{"start":{"line":89,"column":39},"end":{"line":89,"column":40}},"loc":{"start":{"line":89,"column":45},"end":{"line":89,"column":67}},"line":89}},"branchMap":{"0":{"loc":{"start":{"line":29,"column":6},"end":{"line":39,"column":7}},"type":"if","locations":[{"start":{"line":29,"column":6},"end":{"line":39,"column":7}},{"start":{"line":29,"column":6},"end":{"line":39,"column":7}}],"line":29},"1":{"loc":{"start":{"line":32,"column":12},"end":{"line":32,"column":69}},"type":"if","locations":[{"start":{"line":32,"column":12},"end":{"line":32,"column":69}},{"start":{"line":32,"column":12},"end":{"line":32,"column":69}}],"line":32},"2":{"loc":{"start":{"line":47,"column":3},"end":{"line":49,"column":4}},"type":"if","locations":[{"start":{"line":47,"column":3},"end":{"line":49,"column":4}},{"start":{"line":47,"column":3},"end":{"line":49,"column":4}}],"line":47},"3":{"loc":{"start":{"line":74,"column":33},"end":{"line":74,"column":69}},"type":"cond-expr","locations":[{"start":{"line":74,"column":46},"end":{"line":74,"column":56}},{"start":{"line":74,"column":59},"end":{"line":74,"column":69}}],"line":74}},"s":{"0":3,"1":6,"2":6,"3":6,"4":6,"5":2,"6":2,"7":2,"8":2,"9":2,"10":1,"11":1,"12":1,"13":1,"14":1,"15":6,"16":1,"17":1,"18":6,"19":1,"20":5,"21":5,"22":1,"23":2},"f":{"0":6,"1":2,"2":1,"3":5,"4":1,"5":2},"b":{"0":[2,0],"1":[1,1],"2":[1,5],"3":[5,0]},"_coverageSchema":"1a1c01bbd47fc00a2c39e90264f33305004495a9","hash":"34bcf046d380f0a584d0c644fca56b295b9c155e"}
,"/home/loquendo/shopbridge/src/components/Sidebar.js": {"path":"/home/loquendo/shopbridge/src/components/Sidebar.js","statementMap":{"0":{"start":{"line":16,"column":16},"end":{"line":61,"column":1}},"1":{"start":{"line":17,"column":21},"end":{"line":17,"column":56}},"2":{"start":{"line":18,"column":35},"end":{"line":18,"column":50}},"3":{"start":{"line":20,"column":25},"end":{"line":22,"column":4}},"4":{"start":{"line":21,"column":6},"end":{"line":21,"column":29}},"5":{"start":{"line":24,"column":3},"end":{"line":26,"column":19}},"6":{"start":{"line":25,"column":6},"end":{"line":25,"column":25}},"7":{"start":{"line":28,"column":3},"end":{"line":60,"column":5}}},"fnMap":{"0":{"name":"(anonymous_0)","decl":{"start":{"line":16,"column":16},"end":{"line":16,"column":17}},"loc":{"start":{"line":16,"column":27},"end":{"line":61,"column":1}},"line":16},"1":{"name":"(anonymous_1)","decl":{"start":{"line":20,"column":25},"end":{"line":20,"column":26}},"loc":{"start":{"line":20,"column":31},"end":{"line":22,"column":4}},"line":20},"2":{"name":"(anonymous_2)","decl":{"start":{"line":24,"column":13},"end":{"line":24,"column":14}},"loc":{"start":{"line":24,"column":19},"end":{"line":26,"column":4}},"line":24},"3":{"name":"(anonymous_3)","decl":{"start":{"line":31,"column":45},"end":{"line":31,"column":46}},"loc":{"start":{"line":31,"column":51},"end":{"line":31,"column":53}},"line":31}},"branchMap":{"0":{"loc":{"start":{"line":30,"column":20},"end":{"line":30,"column":46}},"type":"cond-expr","locations":[{"start":{"line":30,"column":31},"end":{"line":30,"column":41}},{"start":{"line":30,"column":44},"end":{"line":30,"column":46}}],"line":30},"1":{"loc":{"start":{"line":31,"column":18},"end":{"line":31,"column":53}},"type":"cond-expr","locations":[{"start":{"line":31,"column":29},"end":{"line":31,"column":42}},{"start":{"line":31,"column":45},"end":{"line":31,"column":53}}],"line":31},"2":{"loc":{"start":{"line":33,"column":46},"end":{"line":33,"column":71}},"type":"binary-expr","locations":[{"start":{"line":33,"column":46},"end":{"line":33,"column":54}},{"start":{"line":33,"column":58},"end":{"line":33,"column":71}}],"line":33}},"s":{"0":2,"1":4,"2":4,"3":4,"4":1,"5":4,"6":2,"7":4},"f":{"0":4,"1":1,"2":2,"3":1},"b":{"0":[1,3],"1":[1,3],"2":[4,1]},"_coverageSchema":"1a1c01bbd47fc00a2c39e90264f33305004495a9","hash":"4a9695a0145c6c548883f12af43bc5c163d13364"}
,"/home/loquendo/shopbridge/src/pages/Home.js": {"path":"/home/loquendo/shopbridge/src/pages/Home.js","statementMap":{"0":{"start":{"line":14,"column":13},"end":{"line":29,"column":1}},"1":{"start":{"line":15,"column":21},"end":{"line":15,"column":38}},"2":{"start":{"line":16,"column":3},"end":{"line":28,"column":5}},"3":{"start":{"line":24,"column":18},"end":{"line":24,"column":60}}},"fnMap":{"0":{"name":"(anonymous_0)","decl":{"start":{"line":14,"column":13},"end":{"line":14,"column":14}},"loc":{"start":{"line":14,"column":19},"end":{"line":29,"column":1}},"line":14},"1":{"name":"(anonymous_1)","decl":{"start":{"line":23,"column":25},"end":{"line":23,"column":26}},"loc":{"start":{"line":23,"column":35},"end":{"line":25,"column":16}},"line":23}},"branchMap":{"0":{"loc":{"start":{"line":20,"column":13},"end":{"line":20,"column":55}},"type":"binary-expr","locations":[{"start":{"line":20,"column":13},"end":{"line":20,"column":19}},{"start":{"line":20,"column":23},"end":{"line":20,"column":55}}],"line":20},"1":{"loc":{"start":{"line":22,"column":13},"end":{"line":25,"column":17}},"type":"binary-expr","locations":[{"start":{"line":22,"column":13},"end":{"line":22,"column":18}},{"start":{"line":23,"column":15},"end":{"line":25,"column":17}}],"line":22}},"s":{"0":2,"1":2,"2":2,"3":1},"f":{"0":2,"1":1},"b":{"0":[2,0],"1":[2,2]},"_coverageSchema":"1a1c01bbd47fc00a2c39e90264f33305004495a9","hash":"4fd2fef9f8d7b5a2ac21d1e05a2ef3b7913cbdd3"}
,"/home/loquendo/shopbridge/src/store/StoreContext.js": {"path":"/home/loquendo/shopbridge/src/store/StoreContext.js","statementMap":{"0":{"start":{"line":12,"column":21},"end":{"line":12,"column":42}},"1":{"start":{"line":14,"column":21},"end":{"line":50,"column":1}},"2":{"start":{"line":15,"column":29},"end":{"line":15,"column":41}},"3":{"start":{"line":17,"column":26},"end":{"line":19,"column":4}},"4":{"start":{"line":18,"column":6},"end":{"line":18,"column":25}},"5":{"start":{"line":21,"column":22},"end":{"line":39,"column":4}},"6":{"start":{"line":22,"column":6},"end":{"line":38,"column":29}},"7":{"start":{"line":24,"column":12},"end":{"line":36,"column":14}},"8":{"start":{"line":25,"column":27},"end":{"line":25,"column":29}},"9":{"start":{"line":26,"column":15},"end":{"line":34,"column":16}},"10":{"start":{"line":27,"column":18},"end":{"line":33,"column":21}},"11":{"start":{"line":35,"column":15},"end":{"line":35,"column":37}},"12":{"start":{"line":41,"column":3},"end":{"line":43,"column":10}},"13":{"start":{"line":42,"column":6},"end":{"line":42,"column":19}},"14":{"start":{"line":45,"column":3},"end":{"line":49,"column":5}}},"fnMap":{"0":{"name":"(anonymous_0)","decl":{"start":{"line":14,"column":21},"end":{"line":14,"column":22}},"loc":{"start":{"line":14,"column":32},"end":{"line":50,"column":1}},"line":14},"1":{"name":"(anonymous_1)","decl":{"start":{"line":17,"column":26},"end":{"line":17,"column":27}},"loc":{"start":{"line":17,"column":40},"end":{"line":19,"column":4}},"line":17},"2":{"name":"(anonymous_2)","decl":{"start":{"line":21,"column":22},"end":{"line":21,"column":23}},"loc":{"start":{"line":21,"column":28},"end":{"line":39,"column":4}},"line":21},"3":{"name":"(anonymous_3)","decl":{"start":{"line":23,"column":15},"end":{"line":23,"column":16}},"loc":{"start":{"line":24,"column":12},"end":{"line":36,"column":14}},"line":24},"4":{"name":"(anonymous_4)","decl":{"start":{"line":24,"column":28},"end":{"line":24,"column":29}},"loc":{"start":{"line":24,"column":38},"end":{"line":36,"column":13}},"line":24},"5":{"name":"(anonymous_5)","decl":{"start":{"line":38,"column":16},"end":{"line":38,"column":17}},"loc":{"start":{"line":38,"column":25},"end":{"line":38,"column":27}},"line":38},"6":{"name":"(anonymous_6)","decl":{"start":{"line":41,"column":13},"end":{"line":41,"column":14}},"loc":{"start":{"line":41,"column":19},"end":{"line":43,"column":4}},"line":41}},"branchMap":{"0":{"loc":{"start":{"line":32,"column":28},"end":{"line":32,"column":68}},"type":"cond-expr","locations":[{"start":{"line":32,"column":46},"end":{"line":32,"column":61}},{"start":{"line":32,"column":64},"end":{"line":32,"column":68}}],"line":32}},"s":{"0":6,"1":6,"2":9,"3":8,"4":1,"5":8,"6":9,"7":1,"8":1,"9":1,"10":3,"11":1,"12":8,"13":7,"14":8},"f":{"0":9,"1":1,"2":9,"3":1,"4":1,"5":0,"6":7},"b":{"0":[1,2]},"_coverageSchema":"1a1c01bbd47fc00a2c39e90264f33305004495a9","hash":"a532789b6c019d83c88632be2069bbf05bb29475"}
}
