TN:
SF:src/App.js
FN:6,App
FNF:1
FNH:1
FNDA:1,App
DA:7,1
LF:1
LH:1
BRF:0
BRH:0
end_of_record
TN:
SF:src/hookQuery.js
FN:8,(anonymous_0)
FN:11,(anonymous_1)
FN:16,(anonymous_2)
FN:18,(anonymous_3)
FNF:4
FNH:3
FNDA:4,(anonymous_0)
FNDA:2,(anonymous_1)
FNDA:0,(anonymous_2)
FNDA:2,(anonymous_3)
DA:8,2
DA:9,4
DA:11,4
DA:12,2
DA:13,2
DA:14,1
DA:16,2
DA:17,2
DA:18,2
DA:21,4
LF:10
LH:10
BRDA:13,0,0,1
BRDA:13,0,1,1
BRF:2
BRH:2
end_of_record
TN:
SF:src/index.js
FNF:0
FNH:0
DA:7,0
DA:17,0
LF:2
LH:0
BRF:0
BRH:0
end_of_record
TN:
SF:src/reportWebVitals.js
FN:1,(anonymous_0)
FN:4,(anonymous_1)
FNF:2
FNH:0
FNDA:0,(anonymous_0)
FNDA:0,(anonymous_1)
DA:1,0
DA:2,0
DA:3,0
DA:5,0
DA:6,0
DA:7,0
DA:8,0
DA:9,0
LF:8
LH:0
BRDA:2,0,0,0
BRDA:2,0,1,0
BRDA:2,1,0,0
BRDA:2,1,1,0
BRF:4
BRH:0
end_of_record
TN:
SF:src/api/firebase.js
FN:27,saveProduct
FN:38,uploadImage
FN:55,updateItem
FN:65,deleteItem
FNF:4
FNH:4
FNDA:1,saveProduct
FNDA:1,uploadImage
FNDA:2,updateItem
FNDA:2,deleteItem
DA:9,7
DA:20,7
DA:21,7
DA:25,7
DA:28,1
DA:35,1
DA:39,1
DA:40,1
DA:41,1
DA:42,1
DA:46,1
DA:47,0
DA:48,0
DA:50,1
DA:51,1
DA:56,2
DA:57,2
DA:58,1
DA:60,1
DA:61,1
DA:66,2
DA:67,2
DA:68,1
DA:70,1
DA:71,1
LF:25
LH:23
BRDA:20,0,0,7
BRDA:20,0,1,0
BRF:2
BRH:1
end_of_record
TN:
SF:src/components/Dashboard.js
FN:8,(anonymous_0)
FNF:1
FNH:1
FNDA:1,(anonymous_0)
DA:8,2
DA:9,1
LF:2
LH:2
BRF:0
BRH:0
end_of_record
TN:
SF:src/components/Header.js
FN:8,(anonymous_0)
FNF:1
FNH:1
FNDA:2,(anonymous_0)
DA:8,2
DA:9,2
LF:2
LH:2
BRF:0
BRH:0
end_of_record
TN:
SF:src/components/Item.js
FN:11,(anonymous_0)
FN:18,(anonymous_1)
FNF:2
FNH:2
FNDA:4,(anonymous_0)
FNDA:2,(anonymous_1)
DA:11,3
DA:12,4
DA:19,2
DA:20,2
DA:21,2
LF:5
LH:5
BRDA:23,0,0,3
BRDA:23,0,1,1
BRF:2
BRH:2
end_of_record
TN:
SF:src/components/Loading.js
FN:5,(anonymous_0)
FNF:1
FNH:1
FNDA:10,(anonymous_0)
DA:5,4
DA:6,10
LF:2
LH:2
BRF:0
BRH:0
end_of_record
TN:
SF:src/components/Modal.js
FN:11,(anonymous_0)
FN:12,(anonymous_1)
FNF:2
FNH:2
FNDA:5,(anonymous_0)
FNDA:1,(anonymous_1)
DA:11,3
DA:12,5
DA:13,1
DA:16,5
DA:17,4
DA:20,1
LF:6
LH:6
BRDA:16,0,0,4
BRDA:16,0,1,1
BRF:2
BRH:2
end_of_record
TN:
SF:src/components/ProductForm.js
FN:22,(anonymous_0)
FN:33,(anonymous_1)
FN:43,(anonymous_2)
FN:47,(anonymous_3)
FN:57,(anonymous_4)
FN:62,(anonymous_5)
FN:67,(anonymous_6)
FN:77,(anonymous_7)
FN:84,(anonymous_8)
FN:115,(anonymous_9)
FNF:10
FNH:10
FNDA:32,(anonymous_0)
FNDA:2,(anonymous_1)
FNDA:2,(anonymous_2)
FNDA:2,(anonymous_3)
FNDA:4,(anonymous_4)
FNDA:1,(anonymous_5)
FNDA:4,(anonymous_6)
FNDA:1,(anonymous_7)
FNDA:3,(anonymous_8)
FNDA:3,(anonymous_9)
DA:22,4
DA:23,32
DA:24,32
DA:25,32
DA:28,32
DA:29,32
DA:30,32
DA:31,32
DA:33,32
DA:34,2
DA:39,2
DA:43,32
DA:44,2
DA:47,32
DA:48,2
DA:53,2
DA:57,32
DA:58,4
DA:59,4
DA:62,32
DA:63,1
DA:64,1
DA:67,32
DA:68,4
DA:74,4
DA:77,32
DA:78,1
DA:79,1
DA:80,1
DA:81,1
DA:84,32
DA:85,3
DA:86,3
DA:87,3
DA:88,3
DA:90,3
DA:91,3
DA:92,3
DA:93,1
DA:97,2
DA:98,2
DA:100,2
DA:101,1
DA:105,1
DA:106,1
DA:107,1
DA:109,2
DA:110,2
DA:112,3
DA:115,32
DA:116,3
DA:117,3
DA:118,3
DA:119,3
DA:120,3
DA:121,3
DA:122,3
DA:123,3
DA:124,1
DA:129,2
DA:130,2
DA:131,2
DA:132,1
DA:134,1
DA:135,1
DA:136,1
DA:137,1
DA:140,2
DA:141,2
DA:142,2
DA:146,32
LF:71
LH:71
BRDA:23,0,0,9
BRDA:23,0,1,23
BRDA:24,1,0,9
BRDA:24,1,1,23
BRDA:26,2,0,9
BRDA:26,2,1,23
BRDA:28,3,0,9
BRDA:28,3,1,23
BRDA:34,4,0,2
BRDA:34,4,1,0
BRDA:48,5,0,2
BRDA:48,5,1,0
BRDA:72,6,0,4
BRDA:72,6,1,0
BRDA:90,7,0,3
BRDA:90,7,1,0
BRDA:92,8,0,1
BRDA:92,8,1,2
BRDA:100,9,0,1
BRDA:100,9,1,1
BRDA:120,10,0,3
BRDA:120,10,1,0
BRDA:121,11,0,3
BRDA:121,11,1,0
BRDA:123,12,0,1
BRDA:123,12,1,2
BRDA:131,13,0,1
BRDA:131,13,1,1
BRDA:148,14,0,9
BRDA:148,14,1,23
BRDA:149,15,0,9
BRDA:149,15,1,23
BRDA:186,16,0,32
BRDA:186,16,1,10
BRDA:204,17,0,32
BRDA:204,17,1,20
BRDA:216,18,0,9
BRDA:216,18,1,11
BRDA:217,19,0,7
BRDA:217,19,1,2
BRDA:227,20,0,10
BRDA:227,20,1,22
BRDA:231,21,0,6
BRDA:231,21,1,16
BRF:44
BRH:38
end_of_record
TN:
SF:src/components/ProductList.js
FN:20,(anonymous_0)
FN:25,(anonymous_1)
FN:42,(anonymous_2)
FN:66,(anonymous_3)
FN:85,(anonymous_4)
FN:89,(anonymous_5)
FNF:6
FNH:6
FNDA:6,(anonymous_0)
FNDA:2,(anonymous_1)
FNDA:1,(anonymous_2)
FNDA:5,(anonymous_3)
FNDA:1,(anonymous_4)
FNDA:2,(anonymous_5)
DA:20,3
DA:21,6
DA:22,6
DA:23,6
DA:25,6
DA:26,2
DA:29,2
DA:30,2
DA:31,2
DA:32,2
DA:33,1
DA:34,1
DA:36,1
DA:37,1
DA:42,6
DA:43,1
DA:44,1
DA:47,6
DA:48,1
DA:51,5
DA:67,5
DA:85,1
DA:89,2
LF:23
LH:23
BRDA:29,0,0,2
BRDA:29,0,1,0
BRDA:32,1,0,1
BRDA:32,1,1,1
BRDA:47,2,0,1
BRDA:47,2,1,5
BRDA:74,3,0,5
BRDA:74,3,1,0
BRF:8
BRH:6
end_of_record
TN:
SF:src/components/Sidebar.js
FN:16,(anonymous_0)
FN:20,(anonymous_1)
FN:24,(anonymous_2)
FN:31,(anonymous_3)
FNF:4
FNH:4
FNDA:4,(anonymous_0)
FNDA:1,(anonymous_1)
FNDA:2,(anonymous_2)
FNDA:1,(anonymous_3)
DA:16,2
DA:17,4
DA:18,4
DA:20,4
DA:21,1
DA:24,4
DA:25,2
DA:28,4
LF:8
LH:8
BRDA:30,0,0,1
BRDA:30,0,1,3
BRDA:31,1,0,1
BRDA:31,1,1,3
BRDA:33,2,0,4
BRDA:33,2,1,1
BRF:6
BRH:6
end_of_record
TN:
SF:src/pages/Home.js
FN:14,(anonymous_0)
FN:23,(anonymous_1)
FNF:2
FNH:2
FNDA:2,(anonymous_0)
FNDA:1,(anonymous_1)
DA:14,2
DA:15,2
DA:16,2
DA:24,1
LF:4
LH:4
BRDA:20,0,0,2
BRDA:20,0,1,0
BRDA:22,1,0,2
BRDA:22,1,1,2
BRF:4
BRH:3
end_of_record
TN:
SF:src/store/StoreContext.js
FN:14,(anonymous_0)
FN:17,(anonymous_1)
FN:21,(anonymous_2)
FN:23,(anonymous_3)
FN:24,(anonymous_4)
FN:38,(anonymous_5)
FN:41,(anonymous_6)
FNF:7
FNH:6
FNDA:9,(anonymous_0)
FNDA:1,(anonymous_1)
FNDA:9,(anonymous_2)
FNDA:1,(anonymous_3)
FNDA:1,(anonymous_4)
FNDA:0,(anonymous_5)
FNDA:7,(anonymous_6)
DA:12,6
DA:14,6
DA:15,9
DA:17,8
DA:18,1
DA:21,8
DA:22,9
DA:24,1
DA:25,1
DA:26,1
DA:27,3
DA:35,1
DA:41,8
DA:42,7
DA:45,8
LF:15
LH:15
BRDA:32,0,0,1
BRDA:32,0,1,2
BRF:2
BRH:2
end_of_record
